<?xml version="1.0" encoding="utf-8"?><testsuites name="pytest tests"><testsuite name="pytest" errors="0" failures="1" skipped="0" tests="26" time="10.533" timestamp="2026-03-02T10:54:26.298197+00:00" hostname="agent-env-d84d3ffc-f3f8-4adb-a75a-4285ea4be22a"><testcase classname="backend.tests.test_api.TestMembers" name="test_list_members_as_promotor" time="0.494" /><testcase classname="backend.tests.test_api.TestMembers" name="test_list_members_unauthorized_for_member" time="0.411" /><testcase classname="backend.tests.test_api.TestContracts" name="test_get_my_contract" time="0.415" /><testcase classname="backend.tests.test_api.TestContracts" name="test_sign_contract" time="0.748" /><testcase classname="backend.tests.test_api.TestContracts" name="test_sign_contract_already_signed" time="0.734" /><testcase classname="backend.tests.test_api.TestPayments" name="test_list_payments_as_promotor" time="0.396" /><testcase classname="backend.tests.test_api.TestPayments" name="test_list_payments_forbidden_for_member" time="0.387" /><testcase classname="backend.tests.test_api.TestPayments" name="test_update_payment_status" time="0.994" /><testcase classname="backend.tests.test_api.TestDatasets" name="test_get_catalog" time="0.162" /><testcase classname="backend.tests.test_api.TestDatasets" name="test_list_datasets_as_promotor" time="0.401" /><testcase classname="backend.tests.test_api.TestDatasets" name="test_upload_dataset_requires_effective_member" time="0.393"><failure message="assert 422 in [400, 403]&#10; +  where 422 = &lt;Response [422]&gt;.status_code">backend/tests/test_api.py:178: in test_upload_dataset_requires_effective_member
    assert resp.status_code in [400, 403]
E   assert 422 in [400, 403]
E    +  where 422 = &lt;Response [422]&gt;.status_code</failure></testcase><testcase classname="backend.tests.test_api.TestAudit" name="test_list_audit_logs_as_promotor" time="0.366" /><testcase classname="backend.tests.test_api.TestAudit" name="test_list_audit_forbidden_for_member" time="0.394" /><testcase classname="backend.tests.test_api.TestAudit" name="test_export_audit_csv" time="0.379" /><testcase classname="backend.tests.test_api.TestGovernance" name="test_list_committee" time="0.374" /><testcase classname="backend.tests.test_api.TestGovernance" name="test_list_decisions" time="0.373" /><testcase classname="backend.tests.test_api.TestGovernance" name="test_create_decision" time="0.379" /><testcase classname="backend.tests.test_api.TestGovernance" name="test_create_decision_forbidden_for_member" time="0.373" /><testcase classname="backend.tests.test_auth.TestAuth" name="test_login_promotor_success" time="0.345" /><testcase classname="backend.tests.test_auth.TestAuth" name="test_login_member_success" time="0.326" /><testcase classname="backend.tests.test_auth.TestAuth" name="test_login_invalid_credentials" time="0.318" /><testcase classname="backend.tests.test_auth.TestAuth" name="test_register_new_member" time="0.323" /><testcase classname="backend.tests.test_auth.TestAuth" name="test_register_duplicate_email" time="0.113" /><testcase classname="backend.tests.test_auth.TestAuth" name="test_get_me_promotor" time="0.364" /><testcase classname="backend.tests.test_auth.TestAuth" name="test_get_me_member" time="0.375" /><testcase classname="backend.tests.test_auth.TestAuth" name="test_unauthorized_access" time="0.110" /></testsuite></testsuites>