<?xml version="1.0" encoding="utf-8"?><testsuites name="pytest tests"><testsuite name="pytest" errors="0" failures="0" skipped="0" tests="26" time="10.279" timestamp="2026-03-02T11:02:55.188242+00:00" hostname="agent-env-d84d3ffc-f3f8-4adb-a75a-4285ea4be22a"><testcase classname="backend.tests.test_api.TestMembers" name="test_list_members_as_promotor" time="0.423" /><testcase classname="backend.tests.test_api.TestMembers" name="test_list_members_unauthorized_for_member" time="0.397" /><testcase classname="backend.tests.test_api.TestContracts" name="test_get_my_contract" time="0.376" /><testcase classname="backend.tests.test_api.TestContracts" name="test_sign_contract" time="0.726" /><testcase classname="backend.tests.test_api.TestContracts" name="test_sign_contract_already_signed" time="0.693" /><testcase classname="backend.tests.test_api.TestPayments" name="test_list_payments_as_promotor" time="0.364" /><testcase classname="backend.tests.test_api.TestPayments" name="test_list_payments_forbidden_for_member" time="0.374" /><testcase classname="backend.tests.test_api.TestPayments" name="test_update_payment_status" time="1.008" /><testcase classname="backend.tests.test_api.TestDatasets" name="test_get_catalog" time="0.106" /><testcase classname="backend.tests.test_api.TestDatasets" name="test_list_datasets_as_promotor" time="0.367" /><testcase classname="backend.tests.test_api.TestDatasets" name="test_upload_dataset_requires_effective_member" time="0.466" /><testcase classname="backend.tests.test_api.TestAudit" name="test_list_audit_logs_as_promotor" time="0.400" /><testcase classname="backend.tests.test_api.TestAudit" name="test_list_audit_forbidden_for_member" time="0.366" /><testcase classname="backend.tests.test_api.TestAudit" name="test_export_audit_csv" time="0.388" /><testcase classname="backend.tests.test_api.TestGovernance" name="test_list_committee" time="0.371" /><testcase classname="backend.tests.test_api.TestGovernance" name="test_list_decisions" time="0.373" /><testcase classname="backend.tests.test_api.TestGovernance" name="test_create_decision" time="0.383" /><testcase classname="backend.tests.test_api.TestGovernance" name="test_create_decision_forbidden_for_member" time="0.366" /><testcase classname="backend.tests.test_auth.TestAuth" name="test_login_promotor_success" time="0.323" /><testcase classname="backend.tests.test_auth.TestAuth" name="test_login_member_success" time="0.322" /><testcase classname="backend.tests.test_auth.TestAuth" name="test_login_invalid_credentials" time="0.335" /><testcase classname="backend.tests.test_auth.TestAuth" name="test_register_new_member" time="0.332" /><testcase classname="backend.tests.test_auth.TestAuth" name="test_register_duplicate_email" time="0.103" /><testcase classname="backend.tests.test_auth.TestAuth" name="test_get_me_promotor" time="0.391" /><testcase classname="backend.tests.test_auth.TestAuth" name="test_get_me_member" time="0.385" /><testcase classname="backend.tests.test_auth.TestAuth" name="test_unauthorized_access" time="0.091" /></testsuite></testsuites>